<?xml version="1.0" encoding="UTF-8"?>
<testng-results ignored="0" total="3" passed="3" failed="0" skipped="0">
  <reporter-output>
  </reporter-output>
  <suite started-at="2023-03-29T10:43:12 IST" name="All Test Suite" finished-at="2023-03-29T10:43:34 IST" duration-ms="22598">
    <groups>
    </groups>
    <test started-at="2023-03-29T10:43:12 IST" name="C:/Users/ABC/IdeaProjects/MavenFirstProject/src/test/java/org/example/GoogleSearch.java" finished-at="2023-03-29T10:43:34 IST" duration-ms="22505">
      <class name="org.example.GoogleSearchtest">
        <test-method signature="googleTest()[pri:0, instance:org.example.GoogleSearchtest@36c88a32]" started-at="2023-03-29T10:43:12 IST" name="googleTest" finished-at="2023-03-29T10:43:34 IST" duration-ms="22424" status="PASS">
          <reporter-output>
          </reporter-output>
        </test-method> <!-- googleTest -->
      </class> <!-- org.example.GoogleSearchtest -->
    </test> <!-- C:/Users/ABC/IdeaProjects/MavenFirstProject/src/test/java/org/example/GoogleSearch.java -->
    <test started-at="2023-03-29T10:43:34 IST" name="C:/Users/ABC/IdeaProjects/MavenFirstProject/src/test/java/org/example/AppTest.java" finished-at="2023-03-29T10:43:34 IST" duration-ms="24">
      <class name="org.example.AppTest">
        <test-method signature="testcase1_login()[pri:0, instance:org.example.AppTest@76508ed1]" started-at="2023-03-29T10:43:34 IST" name="testcase1_login" finished-at="2023-03-29T10:43:34 IST" duration-ms="17" status="PASS">
          <reporter-output>
          </reporter-output>
        </test-method> <!-- testcase1_login -->
        <test-method signature="testcase2_login()[pri:0, instance:org.example.AppTest@76508ed1]" started-at="2023-03-29T10:43:34 IST" name="testcase2_login" finished-at="2023-03-29T10:43:34 IST" duration-ms="1" status="PASS">
          <reporter-output>
          </reporter-output>
        </test-method> <!-- testcase2_login -->
      </class> <!-- org.example.AppTest -->
    </test> <!-- C:/Users/ABC/IdeaProjects/MavenFirstProject/src/test/java/org/example/AppTest.java -->
  </suite> <!-- All Test Suite -->
</testng-results>
